2017-08-14 12:06:12: -- Analysis Started by User Command
2017-08-14 12:06:12: L: State file does not exist: E:/FE/HA_Simulink/HA_sys8/_gsdata_/_file_state_v4._gs
2017-08-14 12:06:12: R: State file does not exist: D:/HA_Simulink/HA_sys8/_gsdata_/_file_state_v4._gs
2017-08-14 12:06:12: /HA_sys8.slx: Conflict: New files that differ
2017-08-14 12:06:12: /HA_sys8_freq_response.m: Conflict: New files that differ
2017-08-14 12:06:12: /HA_sys8_init.m: Conflict: New files that differ
2017-08-14 12:06:12: /HA_sys8_test_signal.m: Conflict: New files that differ
2017-08-14 12:06:12: /hdl_prj/hdlsrc/HA_sys8/clearhighlighting.m: Conflict: New files that differ
2017-08-14 12:06:12: /hdl_prj/hdlsrc/HA_sys8/criticalPathEstimated.m: Conflict: New files that differ
2017-08-14 12:06:12: /hdl_prj/hdlsrc/HA_sys8/criticalpathestimationsummary.html: Conflict: New files that differ
2017-08-14 12:06:12: /hdl_prj/hdlsrc/HA_sys8/FIRBandPass1.vhd: Conflict: New files that differ
2017-08-14 12:06:12: /hdl_prj/hdlsrc/HA_sys8/FIRBandPass2.vhd: Conflict: New files that differ
2017-08-14 12:06:12: /hdl_prj/hdlsrc/HA_sys8/FIRBandPass3.vhd: Conflict: New files that differ
2017-08-14 12:06:12: /hdl_prj/hdlsrc/HA_sys8/FIRBandPass4.vhd: Conflict: New files that differ
2017-08-14 12:06:12: /hdl_prj/hdlsrc/HA_sys8/FIRDecimator1.vhd: Conflict: New files that differ
2017-08-14 12:06:12: /hdl_prj/hdlsrc/HA_sys8/FIRDecimator2.vhd: Conflict: New files that differ
2017-08-14 12:06:12: /hdl_prj/hdlsrc/HA_sys8/FIRDecimator3.vhd: Conflict: New files that differ
2017-08-14 12:06:12: /hdl_prj/hdlsrc/HA_sys8/FIRDecimator4.vhd: Conflict: New files that differ
2017-08-14 12:06:12: /hdl_prj/hdlsrc/HA_sys8/FIRInterpolator1.vhd: Conflict: New files that differ
2017-08-14 12:06:12: /hdl_prj/hdlsrc/HA_sys8/FIRInterpolator2.vhd: Conflict: New files that differ
2017-08-14 12:06:12: /hdl_prj/hdlsrc/HA_sys8/FIRInterpolator3.vhd: Conflict: New files that differ
2017-08-14 12:06:12: /hdl_prj/hdlsrc/HA_sys8/FIRInterpolator4.vhd: Conflict: New files that differ
2017-08-14 12:06:12: /hdl_prj/hdlsrc/HA_sys8/gm_HA_sys8.slx: Conflict: New files that differ
2017-08-14 12:06:12: /hdl_prj/hdlsrc/HA_sys8/gm_HA_sys8_vnl.slx: Conflict: New files that differ
2017-08-14 12:06:12: /hdl_prj/hdlsrc/HA_sys8/HA_left.vhd: Conflict: New files that differ
2017-08-14 12:06:12: /hdl_prj/hdlsrc/HA_sys8/HA_LR.vhd: Conflict: New files that differ
2017-08-14 12:06:12: /hdl_prj/hdlsrc/HA_sys8/HA_LR_compile.do: Conflict: New files that differ
2017-08-14 12:06:12: /hdl_prj/hdlsrc/HA_sys8/HA_LR_map.txt: Conflict: New files that differ
2017-08-14 12:06:12: /hdl_prj/hdlsrc/HA_sys8/HA_LR_report.html: Conflict: New files that differ
2017-08-14 12:06:12: /hdl_prj/hdlsrc/HA_sys8/HA_LR_tc.vhd: Conflict: New files that differ
2017-08-14 12:06:12: /hdl_prj/hdlsrc/HA_sys8/hdlcodegenstatus.mat: Conflict: New files that differ
2017-08-14 12:06:12: /hdl_prj/hdlsrc/HA_sys8/highlightCriticalPathEstimationOffendingBlocks.m: Conflict: New files that differ
2017-08-14 12:06:12: /hdl_prj/hdlsrc/HA_sys8/html/HA_sys8/contents_file.tmp: Conflict: New files that differ
2017-08-14 12:06:12: /hdl_prj/hdlsrc/HA_sys8/html/HA_sys8/FIRBandPass1_vhd.html: Conflict: New files that differ
2017-08-14 12:06:12: /hdl_prj/hdlsrc/HA_sys8/html/HA_sys8/FIRBandPass2_vhd.html: Conflict: New files that differ
2017-08-14 12:06:12: /hdl_prj/hdlsrc/HA_sys8/html/HA_sys8/FIRBandPass3_vhd.html: Conflict: New files that differ
2017-08-14 12:06:12: /hdl_prj/hdlsrc/HA_sys8/html/HA_sys8/FIRBandPass4_vhd.html: Conflict: New files that differ
2017-08-14 12:06:12: /hdl_prj/hdlsrc/HA_sys8/html/HA_sys8/FIRDecimator1_vhd.html: Conflict: New files that differ
2017-08-14 12:06:12: /hdl_prj/hdlsrc/HA_sys8/html/HA_sys8/FIRDecimator2_vhd.html: Conflict: New files that differ
2017-08-14 12:06:12: /hdl_prj/hdlsrc/HA_sys8/html/HA_sys8/FIRDecimator3_vhd.html: Conflict: New files that differ
2017-08-14 12:06:12: /hdl_prj/hdlsrc/HA_sys8/html/HA_sys8/FIRDecimator4_vhd.html: Conflict: New files that differ
2017-08-14 12:06:12: /hdl_prj/hdlsrc/HA_sys8/html/HA_sys8/FIRInterpolator1_vhd.html: Conflict: New files that differ
2017-08-14 12:06:12: /hdl_prj/hdlsrc/HA_sys8/html/HA_sys8/FIRInterpolator2_vhd.html: Conflict: New files that differ
2017-08-14 12:06:12: /hdl_prj/hdlsrc/HA_sys8/html/HA_sys8/FIRInterpolator3_vhd.html: Conflict: New files that differ
2017-08-14 12:06:12: /hdl_prj/hdlsrc/HA_sys8/html/HA_sys8/FIRInterpolator4_vhd.html: Conflict: New files that differ
2017-08-14 12:06:12: /hdl_prj/hdlsrc/HA_sys8/html/HA_sys8/HA_left_vhd.html: Conflict: New files that differ
2017-08-14 12:06:12: /hdl_prj/hdlsrc/HA_sys8/html/HA_sys8/HA_LR_tc_vhd.html: Conflict: New files that differ
2017-08-14 12:06:12: /hdl_prj/hdlsrc/HA_sys8/html/HA_sys8/HA_LR_vhd.html: Conflict: New files that differ
2017-08-14 12:06:12: /hdl_prj/hdlsrc/HA_sys8/html/HA_sys8/HA_sys8_adaptive_pipelining.html: Conflict: New files that differ
2017-08-14 12:06:12: /hdl_prj/hdlsrc/HA_sys8/html/HA_sys8/HA_sys8_bill_of_materials.html: Conflict: New files that differ
2017-08-14 12:06:12: /hdl_prj/hdlsrc/HA_sys8/html/HA_sys8/HA_sys8_clock.html: Conflict: New files that differ
2017-08-14 12:06:12: /hdl_prj/hdlsrc/HA_sys8/html/HA_sys8/HA_sys8_codegen_rpt.html: Conflict: New files that differ
2017-08-14 12:06:12: /hdl_prj/hdlsrc/HA_sys8/html/HA_sys8/HA_sys8_contents.html: Conflict: New files that differ
2017-08-14 12:06:12: /hdl_prj/hdlsrc/HA_sys8/html/HA_sys8/HA_sys8_criticalpathestimationsummary.html: Conflict: New files that differ
2017-08-14 12:06:12: /hdl_prj/hdlsrc/HA_sys8/html/HA_sys8/HA_sys8_delay_balancing.html: Conflict: New files that differ
2017-08-14 12:06:12: /hdl_prj/hdlsrc/HA_sys8/html/HA_sys8/HA_sys8_distributed_pipelining.html: Conflict: New files that differ
2017-08-14 12:06:12: /hdl_prj/hdlsrc/HA_sys8/html/HA_sys8/HA_sys8_dut_information.html: Conflict: New files that differ
2017-08-14 12:06:12: /hdl_prj/hdlsrc/HA_sys8/html/HA_sys8/HA_sys8_serialization.html: Conflict: New files that differ
2017-08-14 12:06:12: /hdl_prj/hdlsrc/HA_sys8/html/HA_sys8/HA_sys8_sid_map.js: Conflict: New files that differ
2017-08-14 12:06:12: /hdl_prj/hdlsrc/HA_sys8/html/HA_sys8/HA_sys8_survey.html: Conflict: New files that differ
2017-08-14 12:06:12: /hdl_prj/hdlsrc/HA_sys8/html/HA_sys8/HA_sys8_targetcodegeneration.html: Conflict: New files that differ
2017-08-14 12:06:12: /hdl_prj/hdlsrc/HA_sys8/html/HA_sys8/HA_sys8_trace.html: Conflict: New files that differ
2017-08-14 12:06:12: /hdl_prj/hdlsrc/HA_sys8/html/HA_sys8/HA_sys8_traceInfo.js: Conflict: New files that differ
2017-08-14 12:06:12: /hdl_prj/hdlsrc/HA_sys8/html/HA_sys8/inspect.html: Conflict: New files that differ
2017-08-14 12:06:12: /hdl_prj/hdlsrc/HA_sys8/html/HA_sys8/rtwreport_utils.js: Conflict: New files that differ
2017-08-14 12:06:12: /hdl_prj/hdlsrc/HA_sys8/html/HA_sys8/traceInfo.mat: Conflict: New files that differ
2017-08-14 12:06:12: /slprj/_sfprj/gm_HA_sys8_vnl/_self/sfun/info/binfo.mat: Conflict: New files that differ
2017-08-14 12:06:12: /slprj/grt/HA_sys8/tmwinternal/minfo.mat: Conflict: New files that differ
2017-08-14 12:06:12: /slprj/hdl/HA_sys8/tmwinternal/sinfo.mat: Conflict: New files that differ
2017-08-14 12:06:12: Analyze has finished with Conflicts. Resolve Conflicts by selecting the correct sync direction, then click Sync
2017-08-14 12:06:12: Changes: 81, Conflicts: 66, CopyTime: 0, FixState: 47, Errors: 0, All: 128
2017-08-14 12:06:12: Right to Left: Copy File: 15 
2017-08-14 12:06:12: -- Analysis Complete. Time 00:00:00, Speed: Many files/s
2017-08-14 12:06:12: 
2017-08-14 12:07:29: === User Changed Action from 'CONFLICT' to 'COPY_FILE_LTOR' on item /HA_sys8.slx
2017-08-14 12:07:29: Done.
2017-08-14 12:07:34: === User Changed Action from 'CONFLICT' to 'COPY_FILE_LTOR' on item /HA_sys8_freq_response.m
2017-08-14 12:07:34: Done.
2017-08-14 12:07:43: === User Changed Action from 'CONFLICT' to 'COPY_FILE_RTOL' on item /HA_sys8_init.m
2017-08-14 12:07:43: Done.
2017-08-14 12:07:53: === User Changed Action from 'CONFLICT' to 'COPY_FILE_LTOR' on item /HA_sys8_init.m
2017-08-14 12:07:53: Done.
2017-08-14 12:07:54: === User Changed Action from 'CONFLICT' to 'COPY_FILE_LTOR' on item /HA_sys8_test_signal.m
2017-08-14 12:07:54: Done.
2017-08-14 12:07:59: New _gsdata_ folder(s) created, so rescan all job folders for their ghosts
2017-08-14 12:07:59: == Sync Started by User Command
2017-08-14 12:07:59: Copy Over 'E:/FE/HA_Simulink/HA_sys8/HA_sys8.slx' -> 'D:/HA_Simulink/HA_sys8/HA_sys8.slx' (User Action)
2017-08-14 12:07:59: Copy Over 'E:/FE/HA_Simulink/HA_sys8/HA_sys8_freq_response.m' -> 'D:/HA_Simulink/HA_sys8/HA_sys8_freq_response.m' (User Action)
2017-08-14 12:07:59: Copy Over 'E:/FE/HA_Simulink/HA_sys8/HA_sys8_init.m' -> 'D:/HA_Simulink/HA_sys8/HA_sys8_init.m' (User Action)
2017-08-14 12:07:59: Copy Over 'E:/FE/HA_Simulink/HA_sys8/HA_sys8_test_signal.m' -> 'D:/HA_Simulink/HA_sys8/HA_sys8_test_signal.m' (User Action)
2017-08-14 12:07:59: /slprj/_sfprj/gm_HA_sys8_vnl/_self/sfun/info/binfo.mat: unresolved conflict results in No Copy
2017-08-14 12:07:59: /slprj/grt/HA_sys8/tmwinternal/minfo.mat: unresolved conflict results in No Copy
2017-08-14 12:07:59: /slprj/hdl/HA_sys8/tmwinternal/sinfo.mat: unresolved conflict results in No Copy
2017-08-14 12:07:59: == Sync Complete. Time: 00:00:02, Speed: 58.7 KB/s, OK: 20, Errors: 0, Conflicts: 3
2017-08-14 12:07:59: 
